[2025-12-20T00:15:10.770+0000] {taskinstance.py:1956} INFO - Dependencies all met for dep_context=non-requeueable deps ti=<TaskInstance: automotivos_raw_silver_gold.spark_raw_silver_gold manual__2025-12-20T00:15:10.524781+00:00 [queued]>
[2025-12-20T00:15:10.774+0000] {taskinstance.py:1956} INFO - Dependencies all met for dep_context=requeueable deps ti=<TaskInstance: automotivos_raw_silver_gold.spark_raw_silver_gold manual__2025-12-20T00:15:10.524781+00:00 [queued]>
[2025-12-20T00:15:10.774+0000] {taskinstance.py:2170} INFO - Starting attempt 1 of 2
[2025-12-20T00:15:10.782+0000] {taskinstance.py:2191} INFO - Executing <Task(SparkSubmitOperator): spark_raw_silver_gold> on 2025-12-20 00:15:10.524781+00:00
[2025-12-20T00:15:10.788+0000] {standard_task_runner.py:60} INFO - Started process 347 to run task
[2025-12-20T00:15:10.790+0000] {standard_task_runner.py:87} INFO - Running: ['***', 'tasks', 'run', 'automotivos_raw_silver_gold', 'spark_raw_silver_gold', 'manual__2025-12-20T00:15:10.524781+00:00', '--job-id', '3', '--raw', '--subdir', 'DAGS_FOLDER/automotivos_raw_silver_gold_dag.py', '--cfg-path', '/tmp/tmpht4jj4lk']
[2025-12-20T00:15:10.792+0000] {standard_task_runner.py:88} INFO - Job 3: Subtask spark_raw_silver_gold
[2025-12-20T00:15:10.822+0000] {task_command.py:423} INFO - Running <TaskInstance: automotivos_raw_silver_gold.spark_raw_silver_gold manual__2025-12-20T00:15:10.524781+00:00 [running]> on host d5b92b0194f5
[2025-12-20T00:15:10.873+0000] {taskinstance.py:2480} INFO - Exporting env vars: AIRFLOW_CTX_DAG_OWNER='***' AIRFLOW_CTX_DAG_ID='automotivos_raw_silver_gold' AIRFLOW_CTX_TASK_ID='spark_raw_silver_gold' AIRFLOW_CTX_EXECUTION_DATE='2025-12-20T00:15:10.524781+00:00' AIRFLOW_CTX_TRY_NUMBER='1' AIRFLOW_CTX_DAG_RUN_ID='manual__2025-12-20T00:15:10.524781+00:00'
[2025-12-20T00:15:10.879+0000] {spark_submit.py:304} INFO - Could not load connection string spark_standalone, defaulting to yarn
[2025-12-20T00:15:10.880+0000] {spark_submit.py:473} INFO - Spark-Submit cmd: spark-submit --master yarn --conf spark.master=spark://spark-master:7077 --name arrow-spark --verbose /opt/***/spark_jobs/automotivos_raw_silver_gold.py
[2025-12-20T00:15:11.609+0000] {spark_submit.py:649} INFO - Using properties file: null
[2025-12-20T00:15:11.664+0000] {spark_submit.py:649} INFO - Parsed arguments:
[2025-12-20T00:15:11.665+0000] {spark_submit.py:649} INFO - master                  yarn
[2025-12-20T00:15:11.665+0000] {spark_submit.py:649} INFO - remote                  null
[2025-12-20T00:15:11.665+0000] {spark_submit.py:649} INFO - deployMode              null
[2025-12-20T00:15:11.665+0000] {spark_submit.py:649} INFO - executorMemory          null
[2025-12-20T00:15:11.665+0000] {spark_submit.py:649} INFO - executorCores           null
[2025-12-20T00:15:11.665+0000] {spark_submit.py:649} INFO - totalExecutorCores      null
[2025-12-20T00:15:11.665+0000] {spark_submit.py:649} INFO - propertiesFile          null
[2025-12-20T00:15:11.665+0000] {spark_submit.py:649} INFO - driverMemory            null
[2025-12-20T00:15:11.665+0000] {spark_submit.py:649} INFO - driverCores             null
[2025-12-20T00:15:11.666+0000] {spark_submit.py:649} INFO - driverExtraClassPath    null
[2025-12-20T00:15:11.666+0000] {spark_submit.py:649} INFO - driverExtraLibraryPath  null
[2025-12-20T00:15:11.666+0000] {spark_submit.py:649} INFO - driverExtraJavaOptions  null
[2025-12-20T00:15:11.666+0000] {spark_submit.py:649} INFO - supervise               false
[2025-12-20T00:15:11.666+0000] {spark_submit.py:649} INFO - queue                   null
[2025-12-20T00:15:11.666+0000] {spark_submit.py:649} INFO - numExecutors            null
[2025-12-20T00:15:11.666+0000] {spark_submit.py:649} INFO - files                   null
[2025-12-20T00:15:11.666+0000] {spark_submit.py:649} INFO - pyFiles                 null
[2025-12-20T00:15:11.666+0000] {spark_submit.py:649} INFO - archives                null
[2025-12-20T00:15:11.666+0000] {spark_submit.py:649} INFO - mainClass               null
[2025-12-20T00:15:11.666+0000] {spark_submit.py:649} INFO - primaryResource         file:/opt/***/spark_jobs/automotivos_raw_silver_gold.py
[2025-12-20T00:15:11.667+0000] {spark_submit.py:649} INFO - name                    arrow-spark
[2025-12-20T00:15:11.667+0000] {spark_submit.py:649} INFO - childArgs               []
[2025-12-20T00:15:11.667+0000] {spark_submit.py:649} INFO - jars                    null
[2025-12-20T00:15:11.667+0000] {spark_submit.py:649} INFO - packages                null
[2025-12-20T00:15:11.667+0000] {spark_submit.py:649} INFO - packagesExclusions      null
[2025-12-20T00:15:11.667+0000] {spark_submit.py:649} INFO - repositories            null
[2025-12-20T00:15:11.667+0000] {spark_submit.py:649} INFO - verbose                 true
[2025-12-20T00:15:11.668+0000] {spark_submit.py:649} INFO - 
[2025-12-20T00:15:11.668+0000] {spark_submit.py:649} INFO - Spark properties used, including those specified through
[2025-12-20T00:15:11.668+0000] {spark_submit.py:649} INFO - --conf and those from the properties file null:
[2025-12-20T00:15:11.668+0000] {spark_submit.py:649} INFO - (spark.master,spark://spark-master:7077)
[2025-12-20T00:15:11.668+0000] {spark_submit.py:649} INFO - 
[2025-12-20T00:15:11.668+0000] {spark_submit.py:649} INFO - 
[2025-12-20T00:15:11.831+0000] {spark_submit.py:649} INFO - Main class:
[2025-12-20T00:15:11.831+0000] {spark_submit.py:649} INFO - org.apache.spark.deploy.PythonRunner
[2025-12-20T00:15:11.832+0000] {spark_submit.py:649} INFO - Arguments:
[2025-12-20T00:15:11.832+0000] {spark_submit.py:649} INFO - file:/opt/***/spark_jobs/automotivos_raw_silver_gold.py
[2025-12-20T00:15:11.832+0000] {spark_submit.py:649} INFO - null
[2025-12-20T00:15:11.833+0000] {spark_submit.py:649} INFO - Spark config:
[2025-12-20T00:15:11.833+0000] {spark_submit.py:649} INFO - (spark.app.name,arrow-spark)
[2025-12-20T00:15:11.834+0000] {spark_submit.py:649} INFO - (spark.app.submitTime,1766189711819)
[2025-12-20T00:15:11.834+0000] {spark_submit.py:649} INFO - (spark.master,yarn)
[2025-12-20T00:15:11.834+0000] {spark_submit.py:649} INFO - (spark.submit.deployMode,client)
[2025-12-20T00:15:11.834+0000] {spark_submit.py:649} INFO - (spark.submit.pyFiles,)
[2025-12-20T00:15:11.834+0000] {spark_submit.py:649} INFO - (spark.yarn.isPython,true)
[2025-12-20T00:15:11.834+0000] {spark_submit.py:649} INFO - Classpath elements:
[2025-12-20T00:15:11.834+0000] {spark_submit.py:649} INFO - 
[2025-12-20T00:15:11.835+0000] {spark_submit.py:649} INFO - 
[2025-12-20T00:15:11.835+0000] {spark_submit.py:649} INFO - 
[2025-12-20T00:15:11.900+0000] {spark_submit.py:649} INFO - python3: can't open file '/opt/***/spark_jobs/automotivos_raw_silver_gold.py': [Errno 2] No such file or directory
[2025-12-20T00:15:11.907+0000] {spark_submit.py:649} INFO - 25/12/20 00:15:11 INFO ShutdownHookManager: Shutdown hook called
[2025-12-20T00:15:11.909+0000] {spark_submit.py:649} INFO - 25/12/20 00:15:11 INFO ShutdownHookManager: Deleting directory /tmp/spark-bcfd5337-3248-496c-8131-c3dc9aeae660
[2025-12-20T00:15:11.950+0000] {taskinstance.py:2698} ERROR - Task failed with exception
Traceback (most recent call last):
  File "/home/airflow/.local/lib/python3.8/site-packages/airflow/models/taskinstance.py", line 433, in _execute_task
    result = execute_callable(context=context, **execute_callable_kwargs)
  File "/home/airflow/.local/lib/python3.8/site-packages/airflow/providers/apache/spark/operators/spark_submit.py", line 176, in execute
    self._hook.submit(self.application)
  File "/home/airflow/.local/lib/python3.8/site-packages/airflow/providers/apache/spark/hooks/spark_submit.py", line 575, in submit
    raise AirflowException(
airflow.exceptions.AirflowException: Cannot execute: spark-submit --master yarn --conf spark.master=spark://spark-master:7077 --name arrow-spark --verbose /opt/***/spark_jobs/automotivos_raw_silver_gold.py. Error code is: 2.
[2025-12-20T00:15:11.952+0000] {taskinstance.py:1138} INFO - Marking task as UP_FOR_RETRY. dag_id=automotivos_raw_silver_gold, task_id=spark_raw_silver_gold, execution_date=20251220T001510, start_date=20251220T001510, end_date=20251220T001511
[2025-12-20T00:15:11.959+0000] {standard_task_runner.py:107} ERROR - Failed to execute job 3 for task spark_raw_silver_gold (Cannot execute: spark-submit --master yarn --conf spark.master=spark://spark-master:7077 --name arrow-spark --verbose /opt/***/spark_jobs/automotivos_raw_silver_gold.py. Error code is: 2.; 347)
[2025-12-20T00:15:12.004+0000] {local_task_job_runner.py:234} INFO - Task exited with return code 1
[2025-12-20T00:15:12.015+0000] {taskinstance.py:3280} INFO - 0 downstream tasks scheduled from follow-on schedule check
